# JRE version: OpenJDK Runtime Environment (14.0.2+12) (build 14.0.2+12-46)
# Java VM: OpenJDK 64-Bit Server VM (14.0.2+12-46, mixed mode, tiered, compressed oops, g1 gc, windows-amd64)
Heap:
 garbage-first heap   total 32768K, used 23724K [0x00000000c2c00000, 0x0000000100000000)
  region size 1024K, 11 young (11264K), 1 survivors (1024K)
 Metaspace       used 48372K, capacity 49883K, committed 49968K, reserved 1093632K
  class space    used 5662K, capacity 6240K, committed 6272K, reserved 1048576K
GC Heap History (20 events):
Event: 1606.419 GC heap before
{Heap before GC invocations=42 (full 3):
 garbage-first heap   total 32768K, used 22530K [0x00000000c2c00000, 0x0000000100000000)
  region size 1024K, 11 young (11264K), 2 survivors (2048K)
 Metaspace       used 47493K, capacity 48914K, committed 49072K, reserved 1091584K
  class space    used 5576K, capacity 6139K, committed 6144K, reserved 1048576K
}
Event: 1606.425 GC heap after
{Heap after GC invocations=43 (full 3):
 garbage-first heap   total 32768K, used 14962K [0x00000000c2c00000, 0x0000000100000000)
  region size 1024K, 2 young (2048K), 2 survivors (2048K)
 Metaspace       used 47493K, capacity 48914K, committed 49072K, reserved 1091584K
  class space    used 5576K, capacity 6139K, committed 6144K, reserved 1048576K
}
Event: 1728.297 GC heap before
{Heap before GC invocations=43 (full 3):
 garbage-first heap   total 32768K, used 23154K [0x00000000c2c00000, 0x0000000100000000)
  region size 1024K, 10 young (10240K), 2 survivors (2048K)
 Metaspace       used 47543K, capacity 48982K, committed 49072K, reserved 1091584K
  class space    used 5577K, capacity 6140K, committed 6144K, reserved 1048576K
}
Event: 1728.306 GC heap after
{Heap after GC invocations=44 (full 3):
 garbage-first heap   total 32768K, used 15445K [0x00000000c2c00000, 0x0000000100000000)
  region size 1024K, 2 young (2048K), 2 survivors (2048K)
 Metaspace       used 47543K, capacity 48982K, committed 49072K, reserved 1091584K
  class space    used 5577K, capacity 6140K, committed 6144K, reserved 1048576K
}
Event: 1989.677 GC heap before
{Heap before GC invocations=45 (full 3):
 garbage-first heap   total 32768K, used 21589K [0x00000000c2c00000, 0x0000000100000000)
  region size 1024K, 9 young (9216K), 2 survivors (2048K)
 Metaspace       used 47562K, capacity 49046K, committed 49072K, reserved 1091584K
  class space    used 5577K, capacity 6140K, committed 6144K, reserved 1048576K
}
Event: 1989.743 GC heap after
{Heap after GC invocations=46 (full 4):
 garbage-first heap   total 32768K, used 13185K [0x00000000c2c00000, 0x0000000100000000)
  region size 1024K, 0 young (0K), 0 survivors (0K)
 Metaspace       used 47562K, capacity 49046K, committed 49072K, reserved 1091584K
  class space    used 5577K, capacity 6140K, committed 6144K, reserved 1048576K
}
Event: 1990.223 GC heap before
{Heap before GC invocations=46 (full 4):
 garbage-first heap   total 32768K, used 23425K [0x00000000c2c00000, 0x0000000100000000)
  region size 1024K, 10 young (10240K), 0 survivors (0K)
 Metaspace       used 47599K, capacity 49072K, committed 49200K, reserved 1091584K
  class space    used 5581K, capacity 6147K, committed 6272K, reserved 1048576K
}
Event: 1990.227 GC heap after
{Heap after GC invocations=47 (full 4):
 garbage-first heap   total 32768K, used 14334K [0x00000000c2c00000, 0x0000000100000000)
  region size 1024K, 2 young (2048K), 2 survivors (2048K)
 Metaspace       used 47599K, capacity 49072K, committed 49200K, reserved 1091584K
  class space    used 5581K, capacity 6147K, committed 6272K, reserved 1048576K
}
Event: 1990.472 GC heap before
{Heap before GC invocations=47 (full 4):
 garbage-first heap   total 32768K, used 23550K [0x00000000c2c00000, 0x0000000100000000)
  region size 1024K, 11 young (11264K), 2 survivors (2048K)
 Metaspace       used 47638K, capacity 49149K, committed 49456K, reserved 1093632K
  class space    used 5583K, capacity 6150K, committed 6272K, reserved 1048576K
}
Event: 1990.477 GC heap after
{Heap after GC invocations=48 (full 4):
 garbage-first heap   total 32768K, used 14311K [0x00000000c2c00000, 0x0000000100000000)
  region size 1024K, 2 young (2048K), 2 survivors (2048K)
 Metaspace       used 47638K, capacity 49149K, committed 49456K, reserved 1093632K
  class space    used 5583K, capacity 6150K, committed 6272K, reserved 1048576K
}
Event: 1990.992 GC heap before
{Heap before GC invocations=48 (full 4):
 garbage-first heap   total 32768K, used 22503K [0x00000000c2c00000, 0x0000000100000000)
  region size 1024K, 11 young (11264K), 2 survivors (2048K)
 Metaspace       used 47717K, capacity 49222K, committed 49456K, reserved 1093632K
  class space    used 5584K, capacity 6151K, committed 6272K, reserved 1048576K
}
Event: 1990.997 GC heap after
{Heap after GC invocations=49 (full 4):
 garbage-first heap   total 32768K, used 15018K [0x00000000c2c00000, 0x0000000100000000)
  region size 1024K, 2 young (2048K), 2 survivors (2048K)
 Metaspace       used 47717K, capacity 49222K, committed 49456K, reserved 1093632K
  class space    used 5584K, capacity 6151K, committed 6272K, reserved 1048576K
}
Event: 2062.778 GC heap before
{Heap before GC invocations=49 (full 4):
 garbage-first heap   total 32768K, used 23210K [0x00000000c2c00000, 0x0000000100000000)
  region size 1024K, 10 young (10240K), 2 survivors (2048K)
 Metaspace       used 47800K, capacity 49262K, committed 49456K, reserved 1093632K
  class space    used 5592K, capacity 6162K, committed 6272K, reserved 1048576K
}
Event: 2062.784 GC heap after
{Heap after GC invocations=50 (full 4):
 garbage-first heap   total 32768K, used 15561K [0x00000000c2c00000, 0x0000000100000000)
  region size 1024K, 2 young (2048K), 2 survivors (2048K)
 Metaspace       used 47800K, capacity 49262K, committed 49456K, reserved 1093632K
  class space    used 5592K, capacity 6162K, committed 6272K, reserved 1048576K
}
Event: 2239.621 GC heap before
{Heap before GC invocations=51 (full 4):
 garbage-first heap   total 32768K, used 22729K [0x00000000c2c00000, 0x0000000100000000)
  region size 1024K, 10 young (10240K), 2 survivors (2048K)
 Metaspace       used 48302K, capacity 49813K, committed 49968K, reserved 1093632K
  class space    used 5662K, capacity 6239K, committed 6272K, reserved 1048576K
}
Event: 2239.628 GC heap after
{Heap after GC invocations=52 (full 4):
 garbage-first heap   total 32768K, used 15662K [0x00000000c2c00000, 0x0000000100000000)
  region size 1024K, 1 young (1024K), 1 survivors (1024K)
 Metaspace       used 48302K, capacity 49813K, committed 49968K, reserved 1093632K
  class space    used 5662K, capacity 6239K, committed 6272K, reserved 1048576K
}
Event: 2275.114 GC heap before
{Heap before GC invocations=52 (full 4):
 garbage-first heap   total 32768K, used 16686K [0x00000000c2c00000, 0x0000000100000000)
  region size 1024K, 2 young (2048K), 1 survivors (1024K)
 Metaspace       used 48309K, capacity 49819K, committed 49968K, reserved 1093632K
  class space    used 5662K, capacity 6240K, committed 6272K, reserved 1048576K
}
Event: 2275.139 GC heap after
{Heap after GC invocations=53 (full 4):
 garbage-first heap   total 32768K, used 14512K [0x00000000c2c00000, 0x0000000100000000)
  region size 1024K, 1 young (1024K), 1 survivors (1024K)
 Metaspace       used 48309K, capacity 49819K, committed 49968K, reserved 1093632K
  class space    used 5662K, capacity 6240K, committed 6272K, reserved 1048576K
}
Event: 2736.208 GC heap before
{Heap before GC invocations=53 (full 4):
 garbage-first heap   total 32768K, used 24752K [0x00000000c2c00000, 0x0000000100000000)
  region size 1024K, 11 young (11264K), 1 survivors (1024K)
 Metaspace       used 48360K, capacity 49883K, committed 49968K, reserved 1093632K
  class space    used 5662K, capacity 6240K, committed 6272K, reserved 1048576K
}
Event: 2736.219 GC heap after
{Heap after GC invocations=54 (full 4):
 garbage-first heap   total 32768K, used 14508K [0x00000000c2c00000, 0x0000000100000000)
  region size 1024K, 1 young (1024K), 1 survivors (1024K)
 Metaspace       used 48360K, capacity 49883K, committed 49968K, reserved 1093632K
  class space    used 5662K, capacity 6240K, committed 6272K, reserved 1048576K
}

