# JRE version: OpenJDK Runtime Environment (14.0.2+12) (build 14.0.2+12-46)
# Java VM: OpenJDK 64-Bit Server VM (14.0.2+12-46, mixed mode, tiered, compressed oops, g1 gc, windows-amd64)
Heap:
 garbage-first heap   total 27648K, used 5561K [0x00000000c2c00000, 0x0000000100000000)
  region size 1024K, 4 young (4096K), 2 survivors (2048K)
 Metaspace       used 17689K, capacity 18076K, committed 18176K, reserved 1073152K
  class space    used 1876K, capacity 2020K, committed 2048K, reserved 1048576K
GC Heap History (6 events):
Event: 1.738 GC heap before
{Heap before GC invocations=0 (full 0):
 garbage-first heap   total 63488K, used 5120K [0x00000000c2c00000, 0x0000000100000000)
  region size 1024K, 6 young (6144K), 0 survivors (0K)
 Metaspace       used 7134K, capacity 7271K, committed 7424K, reserved 1056768K
  class space    used 616K, capacity 657K, committed 768K, reserved 1048576K
}
Event: 1.746 GC heap after
{Heap after GC invocations=1 (full 0):
 garbage-first heap   total 63488K, used 2953K [0x00000000c2c00000, 0x0000000100000000)
  region size 1024K, 1 young (1024K), 1 survivors (1024K)
 Metaspace       used 7134K, capacity 7271K, committed 7424K, reserved 1056768K
  class space    used 616K, capacity 657K, committed 768K, reserved 1048576K
}
Event: 2.153 GC heap before
{Heap before GC invocations=1 (full 0):
 garbage-first heap   total 63488K, used 6025K [0x00000000c2c00000, 0x0000000100000000)
  region size 1024K, 5 young (5120K), 1 survivors (1024K)
 Metaspace       used 9483K, capacity 9602K, committed 9728K, reserved 1058816K
  class space    used 851K, capacity 903K, committed 1024K, reserved 1048576K
}
Event: 2.157 GC heap after
{Heap after GC invocations=2 (full 0):
 garbage-first heap   total 63488K, used 3887K [0x00000000c2c00000, 0x0000000100000000)
  region size 1024K, 1 young (1024K), 1 survivors (1024K)
 Metaspace       used 9483K, capacity 9602K, committed 9728K, reserved 1058816K
  class space    used 851K, capacity 903K, committed 1024K, reserved 1048576K
}
Event: 2.823 GC heap before
{Heap before GC invocations=2 (full 0):
 garbage-first heap   total 63488K, used 11055K [0x00000000c2c00000, 0x0000000100000000)
  region size 1024K, 8 young (8192K), 1 survivors (1024K)
 Metaspace       used 11425K, capacity 11633K, committed 11776K, reserved 1060864K
  class space    used 1101K, capacity 1180K, committed 1280K, reserved 1048576K
}
Event: 2.831 GC heap after
{Heap after GC invocations=3 (full 0):
 garbage-first heap   total 63488K, used 4248K [0x00000000c2c00000, 0x0000000100000000)
  region size 1024K, 1 young (1024K), 1 survivors (1024K)
 Metaspace       used 11425K, capacity 11633K, committed 11776K, reserved 1060864K
  class space    used 1101K, capacity 1180K, committed 1280K, reserved 1048576K
}

