# JRE version: OpenJDK Runtime Environment (14.0.2+12) (build 14.0.2+12-46)
# Java VM: OpenJDK 64-Bit Server VM (14.0.2+12-46, mixed mode, tiered, compressed oops, g1 gc, windows-amd64)
Heap:
 garbage-first heap   total 27648K, used 15279K [0x00000000c2c00000, 0x0000000100000000)
  region size 1024K, 5 young (5120K), 2 survivors (2048K)
 Metaspace       used 38540K, capacity 39600K, committed 39856K, reserved 1083392K
  class space    used 4618K, capacity 5023K, committed 5120K, reserved 1048576K
GC Heap History (20 events):
Event: 72.382 GC heap before
{Heap before GC invocations=7 (full 0):
 garbage-first heap   total 27648K, used 19011K [0x00000000c2c00000, 0x0000000100000000)
  region size 1024K, 14 young (14336K), 1 survivors (1024K)
 Metaspace       used 24372K, capacity 24889K, committed 25136K, reserved 1071104K
  class space    used 2712K, capacity 2920K, committed 2944K, reserved 1048576K
}
Event: 72.387 GC heap after
{Heap after GC invocations=8 (full 0):
 garbage-first heap   total 27648K, used 7477K [0x00000000c2c00000, 0x0000000100000000)
  region size 1024K, 2 young (2048K), 2 survivors (2048K)
 Metaspace       used 24372K, capacity 24889K, committed 25136K, reserved 1071104K
  class space    used 2712K, capacity 2920K, committed 2944K, reserved 1048576K
}
Event: 73.291 GC heap before
{Heap before GC invocations=8 (full 0):
 garbage-first heap   total 27648K, used 19765K [0x00000000c2c00000, 0x0000000100000000)
  region size 1024K, 14 young (14336K), 2 survivors (2048K)
 Metaspace       used 25188K, capacity 25819K, committed 26032K, reserved 1073152K
  class space    used 2799K, capacity 3011K, committed 3072K, reserved 1048576K
}
Event: 73.297 GC heap after
{Heap after GC invocations=9 (full 0):
 garbage-first heap   total 27648K, used 7544K [0x00000000c2c00000, 0x0000000100000000)
  region size 1024K, 1 young (1024K), 1 survivors (1024K)
 Metaspace       used 25188K, capacity 25819K, committed 26032K, reserved 1073152K
  class space    used 2799K, capacity 3011K, committed 3072K, reserved 1048576K
}
Event: 79.524 GC heap before
{Heap before GC invocations=9 (full 0):
 garbage-first heap   total 27648K, used 19832K [0x00000000c2c00000, 0x0000000100000000)
  region size 1024K, 13 young (13312K), 1 survivors (1024K)
 Metaspace       used 26926K, capacity 27595K, committed 27824K, reserved 1073152K
  class space    used 3030K, capacity 3276K, committed 3328K, reserved 1048576K
}
Event: 79.529 GC heap after
{Heap after GC invocations=10 (full 0):
 garbage-first heap   total 27648K, used 8218K [0x00000000c2c00000, 0x0000000100000000)
  region size 1024K, 2 young (2048K), 2 survivors (2048K)
 Metaspace       used 26926K, capacity 27595K, committed 27824K, reserved 1073152K
  class space    used 3030K, capacity 3276K, committed 3328K, reserved 1048576K
}
Event: 81.272 GC heap before
{Heap before GC invocations=10 (full 0):
 garbage-first heap   total 27648K, used 20506K [0x00000000c2c00000, 0x0000000100000000)
  region size 1024K, 14 young (14336K), 2 survivors (2048K)
 Metaspace       used 29081K, capacity 29819K, committed 30128K, reserved 1075200K
  class space    used 3300K, capacity 3528K, committed 3584K, reserved 1048576K
}
Event: 81.281 GC heap after
{Heap after GC invocations=11 (full 0):
 garbage-first heap   total 27648K, used 9248K [0x00000000c2c00000, 0x0000000100000000)
  region size 1024K, 2 young (2048K), 2 survivors (2048K)
 Metaspace       used 29081K, capacity 29819K, committed 30128K, reserved 1075200K
  class space    used 3300K, capacity 3528K, committed 3584K, reserved 1048576K
}
Event: 88.812 GC heap before
{Heap before GC invocations=11 (full 0):
 garbage-first heap   total 27648K, used 20512K [0x00000000c2c00000, 0x0000000100000000)
  region size 1024K, 13 young (13312K), 2 survivors (2048K)
 Metaspace       used 31482K, capacity 32393K, committed 32560K, reserved 1077248K
  class space    used 3619K, capacity 3916K, committed 3968K, reserved 1048576K
}
Event: 88.822 GC heap after
{Heap after GC invocations=12 (full 0):
 garbage-first heap   total 27648K, used 10304K [0x00000000c2c00000, 0x0000000100000000)
  region size 1024K, 2 young (2048K), 2 survivors (2048K)
 Metaspace       used 31482K, capacity 32393K, committed 32560K, reserved 1077248K
  class space    used 3619K, capacity 3916K, committed 3968K, reserved 1048576K
}
Event: 90.055 GC heap before
{Heap before GC invocations=12 (full 0):
 garbage-first heap   total 27648K, used 19520K [0x00000000c2c00000, 0x0000000100000000)
  region size 1024K, 11 young (11264K), 2 survivors (2048K)
 Metaspace       used 32811K, capacity 33704K, committed 33968K, reserved 1079296K
  class space    used 3750K, capacity 4054K, committed 4096K, reserved 1048576K
}
Event: 90.061 GC heap after
{Heap after GC invocations=13 (full 0):
 garbage-first heap   total 27648K, used 10817K [0x00000000c2c00000, 0x0000000100000000)
  region size 1024K, 1 young (1024K), 1 survivors (1024K)
 Metaspace       used 32811K, capacity 33704K, committed 33968K, reserved 1079296K
  class space    used 3750K, capacity 4054K, committed 4096K, reserved 1048576K
}
Event: 91.886 GC heap before
{Heap before GC invocations=13 (full 0):
 garbage-first heap   total 27648K, used 19009K [0x00000000c2c00000, 0x0000000100000000)
  region size 1024K, 10 young (10240K), 1 survivors (1024K)
 Metaspace       used 33697K, capacity 34600K, committed 34864K, reserved 1079296K
  class space    used 3858K, capacity 4161K, committed 4224K, reserved 1048576K
}
Event: 91.892 GC heap after
{Heap after GC invocations=14 (full 0):
 garbage-first heap   total 27648K, used 11430K [0x00000000c2c00000, 0x0000000100000000)
  region size 1024K, 2 young (2048K), 2 survivors (2048K)
 Metaspace       used 33697K, capacity 34600K, committed 34864K, reserved 1079296K
  class space    used 3858K, capacity 4161K, committed 4224K, reserved 1048576K
}
Event: 94.650 GC heap before
{Heap before GC invocations=14 (full 0):
 garbage-first heap   total 27648K, used 15526K [0x00000000c2c00000, 0x0000000100000000)
  region size 1024K, 7 young (7168K), 2 survivors (2048K)
 Metaspace       used 34840K, capacity 35758K, committed 35888K, reserved 1081344K
  class space    used 4028K, capacity 4355K, committed 4480K, reserved 1048576K
}
Event: 94.656 GC heap after
{Heap after GC invocations=15 (full 0):
 garbage-first heap   total 27648K, used 11640K [0x00000000c2c00000, 0x0000000100000000)
  region size 1024K, 2 young (2048K), 2 survivors (2048K)
 Metaspace       used 34840K, capacity 35758K, committed 35888K, reserved 1081344K
  class space    used 4028K, capacity 4355K, committed 4480K, reserved 1048576K
}
Event: 95.090 GC heap before
{Heap before GC invocations=16 (full 0):
 garbage-first heap   total 27648K, used 19832K [0x00000000c2c00000, 0x0000000100000000)
  region size 1024K, 11 young (11264K), 2 survivors (2048K)
 Metaspace       used 36825K, capacity 37847K, committed 37936K, reserved 1083392K
  class space    used 4362K, capacity 4732K, committed 4736K, reserved 1048576K
}
Event: 95.097 GC heap after
{Heap after GC invocations=17 (full 0):
 garbage-first heap   total 27648K, used 12428K [0x00000000c2c00000, 0x0000000100000000)
  region size 1024K, 2 young (2048K), 2 survivors (2048K)
 Metaspace       used 36825K, capacity 37847K, committed 37936K, reserved 1083392K
  class space    used 4362K, capacity 4732K, committed 4736K, reserved 1048576K
}
Event: 95.781 GC heap before
{Heap before GC invocations=17 (full 0):
 garbage-first heap   total 27648K, used 21644K [0x00000000c2c00000, 0x0000000100000000)
  region size 1024K, 11 young (11264K), 2 survivors (2048K)
 Metaspace       used 38287K, capacity 39364K, committed 39472K, reserved 1083392K
  class space    used 4585K, capacity 4986K, committed 4992K, reserved 1048576K
}
Event: 95.796 GC heap after
{Heap after GC invocations=18 (full 0):
 garbage-first heap   total 27648K, used 13231K [0x00000000c2c00000, 0x0000000100000000)
  region size 1024K, 2 young (2048K), 2 survivors (2048K)
 Metaspace       used 38287K, capacity 39364K, committed 39472K, reserved 1083392K
  class space    used 4585K, capacity 4986K, committed 4992K, reserved 1048576K
}

