# JRE version: OpenJDK Runtime Environment (14.0.2+12) (build 14.0.2+12-46)
# Java VM: OpenJDK 64-Bit Server VM (14.0.2+12-46, mixed mode, tiered, compressed oops, g1 gc, windows-amd64)
Heap:
 garbage-first heap   total 30720K, used 16774K [0x00000000c2c00000, 0x0000000100000000)
  region size 1024K, 5 young (5120K), 2 survivors (2048K)
 Metaspace       used 42594K, capacity 43872K, committed 44112K, reserved 1087488K
  class space    used 5068K, capacity 5618K, committed 5632K, reserved 1048576K
GC Heap History (20 events):
Event: 16.830 GC heap before
{Heap before GC invocations=13 (full 0):
 garbage-first heap   total 30720K, used 14661K [0x00000000c2c00000, 0x0000000100000000)
  region size 1024K, 6 young (6144K), 2 survivors (2048K)
 Metaspace       used 34937K, capacity 35856K, committed 35920K, reserved 1081344K
  class space    used 4035K, capacity 4325K, committed 4352K, reserved 1048576K
}
Event: 16.837 GC heap after
{Heap after GC invocations=14 (full 0):
 garbage-first heap   total 30720K, used 11629K [0x00000000c2c00000, 0x0000000100000000)
  region size 1024K, 1 young (1024K), 1 survivors (1024K)
 Metaspace       used 34937K, capacity 35856K, committed 35920K, reserved 1081344K
  class space    used 4035K, capacity 4325K, committed 4352K, reserved 1048576K
}
Event: 17.931 GC heap before
{Heap before GC invocations=15 (full 0):
 garbage-first heap   total 30720K, used 22893K [0x00000000c2c00000, 0x0000000100000000)
  region size 1024K, 12 young (12288K), 1 survivors (1024K)
 Metaspace       used 37193K, capacity 38265K, committed 38480K, reserved 1083392K
  class space    used 4416K, capacity 4808K, committed 4864K, reserved 1048576K
}
Event: 17.938 GC heap after
{Heap after GC invocations=16 (full 0):
 garbage-first heap   total 30720K, used 12606K [0x00000000c2c00000, 0x0000000100000000)
  region size 1024K, 2 young (2048K), 2 survivors (2048K)
 Metaspace       used 37193K, capacity 38265K, committed 38480K, reserved 1083392K
  class space    used 4416K, capacity 4808K, committed 4864K, reserved 1048576K
}
Event: 18.502 GC heap before
{Heap before GC invocations=16 (full 0):
 garbage-first heap   total 30720K, used 22846K [0x00000000c2c00000, 0x0000000100000000)
  region size 1024K, 12 young (12288K), 2 survivors (2048K)
 Metaspace       used 38669K, capacity 39784K, committed 40016K, reserved 1085440K
  class space    used 4634K, capacity 5063K, committed 5120K, reserved 1048576K
}
Event: 18.511 GC heap after
{Heap after GC invocations=17 (full 0):
 garbage-first heap   total 30720K, used 13633K [0x00000000c2c00000, 0x0000000100000000)
  region size 1024K, 2 young (2048K), 2 survivors (2048K)
 Metaspace       used 38669K, capacity 39784K, committed 40016K, reserved 1085440K
  class space    used 4634K, capacity 5063K, committed 5120K, reserved 1048576K
}
Event: 19.055 GC heap before
{Heap before GC invocations=17 (full 0):
 garbage-first heap   total 30720K, used 22849K [0x00000000c2c00000, 0x0000000100000000)
  region size 1024K, 11 young (11264K), 2 survivors (2048K)
 Metaspace       used 39720K, capacity 40876K, committed 40912K, reserved 1085440K
  class space    used 4775K, capacity 5231K, committed 5248K, reserved 1048576K
}
Event: 19.065 GC heap after
{Heap after GC invocations=18 (full 0):
 garbage-first heap   total 30720K, used 14586K [0x00000000c2c00000, 0x0000000100000000)
  region size 1024K, 2 young (2048K), 2 survivors (2048K)
 Metaspace       used 39720K, capacity 40876K, committed 40912K, reserved 1085440K
  class space    used 4775K, capacity 5231K, committed 5248K, reserved 1048576K
}
Event: 20.003 GC heap before
{Heap before GC invocations=18 (full 0):
 garbage-first heap   total 30720K, used 22778K [0x00000000c2c00000, 0x0000000100000000)
  region size 1024K, 10 young (10240K), 2 survivors (2048K)
 Metaspace       used 41146K, capacity 42326K, committed 42448K, reserved 1087488K
  class space    used 4960K, capacity 5416K, committed 5504K, reserved 1048576K
}
Event: 20.012 GC heap after
{Heap after GC invocations=19 (full 0):
 garbage-first heap   total 30720K, used 15271K [0x00000000c2c00000, 0x0000000100000000)
  region size 1024K, 2 young (2048K), 2 survivors (2048K)
 Metaspace       used 41146K, capacity 42326K, committed 42448K, reserved 1087488K
  class space    used 4960K, capacity 5416K, committed 5504K, reserved 1048576K
}
Event: 174.956 GC heap before
{Heap before GC invocations=20 (full 0):
 garbage-first heap   total 30720K, used 21415K [0x00000000c2c00000, 0x0000000100000000)
  region size 1024K, 9 young (9216K), 2 survivors (2048K)
 Metaspace       used 41791K, capacity 43039K, committed 43344K, reserved 1087488K
  class space    used 5033K, capacity 5525K, committed 5632K, reserved 1048576K
}
Event: 174.973 GC heap after
{Heap after GC invocations=21 (full 0):
 garbage-first heap   total 30720K, used 15396K [0x00000000c2c00000, 0x0000000100000000)
  region size 1024K, 1 young (1024K), 1 survivors (1024K)
 Metaspace       used 41791K, capacity 43039K, committed 43344K, reserved 1087488K
  class space    used 5033K, capacity 5525K, committed 5632K, reserved 1048576K
}
Event: 272.927 GC heap before
{Heap before GC invocations=21 (full 0):
 garbage-first heap   total 30720K, used 18468K [0x00000000c2c00000, 0x0000000100000000)
  region size 1024K, 5 young (5120K), 1 survivors (1024K)
 Metaspace       used 41985K, capacity 43235K, committed 43344K, reserved 1087488K
  class space    used 5054K, capacity 5570K, committed 5632K, reserved 1048576K
}
Event: 272.982 GC heap after
{Heap after GC invocations=22 (full 1):
 garbage-first heap   total 30720K, used 12862K [0x00000000c2c00000, 0x0000000100000000)
  region size 1024K, 0 young (0K), 0 survivors (0K)
 Metaspace       used 41985K, capacity 43235K, committed 43344K, reserved 1087488K
  class space    used 5054K, capacity 5570K, committed 5632K, reserved 1048576K
}
Event: 275.137 GC heap before
{Heap before GC invocations=22 (full 1):
 garbage-first heap   total 30720K, used 24126K [0x00000000c2c00000, 0x0000000100000000)
  region size 1024K, 11 young (11264K), 0 survivors (0K)
 Metaspace       used 42124K, capacity 43331K, committed 43600K, reserved 1087488K
  class space    used 5059K, capacity 5577K, committed 5632K, reserved 1048576K
}
Event: 275.140 GC heap after
{Heap after GC invocations=23 (full 1):
 garbage-first heap   total 30720K, used 13988K [0x00000000c2c00000, 0x0000000100000000)
  region size 1024K, 2 young (2048K), 2 survivors (2048K)
 Metaspace       used 42124K, capacity 43331K, committed 43600K, reserved 1087488K
  class space    used 5059K, capacity 5577K, committed 5632K, reserved 1048576K
}
Event: 276.798 GC heap before
{Heap before GC invocations=23 (full 1):
 garbage-first heap   total 30720K, used 23204K [0x00000000c2c00000, 0x0000000100000000)
  region size 1024K, 11 young (11264K), 2 survivors (2048K)
 Metaspace       used 42220K, capacity 43532K, committed 43600K, reserved 1087488K
  class space    used 5060K, capacity 5577K, committed 5632K, reserved 1048576K
}
Event: 276.802 GC heap after
{Heap after GC invocations=24 (full 1):
 garbage-first heap   total 30720K, used 13986K [0x00000000c2c00000, 0x0000000100000000)
  region size 1024K, 2 young (2048K), 2 survivors (2048K)
 Metaspace       used 42220K, capacity 43532K, committed 43600K, reserved 1087488K
  class space    used 5060K, capacity 5577K, committed 5632K, reserved 1048576K
}
Event: 284.329 GC heap before
{Heap before GC invocations=24 (full 1):
 garbage-first heap   total 30720K, used 23202K [0x00000000c2c00000, 0x0000000100000000)
  region size 1024K, 11 young (11264K), 2 survivors (2048K)
 Metaspace       used 42389K, capacity 43757K, committed 43856K, reserved 1087488K
  class space    used 5063K, capacity 5582K, committed 5632K, reserved 1048576K
}
Event: 284.336 GC heap after
{Heap after GC invocations=25 (full 1):
 garbage-first heap   total 30720K, used 14726K [0x00000000c2c00000, 0x0000000100000000)
  region size 1024K, 2 young (2048K), 2 survivors (2048K)
 Metaspace       used 42389K, capacity 43757K, committed 43856K, reserved 1087488K
  class space    used 5063K, capacity 5582K, committed 5632K, reserved 1048576K
}

